<?xml version="1.0" encoding="UTF-8"?>
<!-- Generated by org.testng.reporters.JUnitReportReporter -->
<testsuite skipped="0" hostname="Sudipas-MacBook-Pro.local" name="com.simplilearn.capstoneproject.SignUpTest" tests="1" failures="0" timestamp="2022-03-01T01:38:31 IST" time="37.350" errors="0">
  <testcase name="testSignUp" time="37.350" classname="com.simplilearn.capstoneproject.SignUpTest"/>
  <system-out/>
</testsuite> <!-- com.simplilearn.capstoneproject.SignUpTest -->
