<?xml version="1.0" encoding="UTF-8"?>
<!-- Generated by org.testng.reporters.JUnitReportReporter -->
<testsuite skipped="0" hostname="Sudipas-MacBook-Pro.local" name="com.simplilearn.capstoneproject.LoginTest" tests="1" failures="0" timestamp="2022-03-01T01:39:14 IST" time="23.772" errors="0">
  <testcase name="testLogin" time="23.772" classname="com.simplilearn.capstoneproject.LoginTest"/>
  <system-out/>
</testsuite> <!-- com.simplilearn.capstoneproject.LoginTest -->
