<?xml version="1.0" encoding="UTF-8"?>
<!-- Generated by org.testng.reporters.JUnitReportReporter -->
<testsuite skipped="0" hostname="Sudipas-MacBook-Pro.local" name="com.simplilearn.capstoneproject.ProductDetailsTest" tests="1" failures="0" timestamp="2022-02-25T12:11:02 IST" time="14.874" errors="0">
  <testcase name="testProductDetails" time="14.874" classname="com.simplilearn.capstoneproject.ProductDetailsTest"/>
  <system-out/>
</testsuite> <!-- com.simplilearn.capstoneproject.ProductDetailsTest -->
